  assignment-2.c
c:\users\christian\documents\ee312_cjh3752\trunk\assignment2\assignment2\assignment-2.c(16): warning C4996: 'scanf': This function or variable may be unsafe. Consider using scanf_s instead. To disable deprecation, use _CRT_SECURE_NO_WARNINGS. See online help for details.
  c:\program files (x86)\windows kits\10\include\10.0.10240.0\ucrt\stdio.h(1270): note: see declaration of 'scanf'
c:\users\christian\documents\ee312_cjh3752\trunk\assignment2\assignment2\assignment-2.c(23): warning C4996: 'scanf': This function or variable may be unsafe. Consider using scanf_s instead. To disable deprecation, use _CRT_SECURE_NO_WARNINGS. See online help for details.
  c:\program files (x86)\windows kits\10\include\10.0.10240.0\ucrt\stdio.h(1270): note: see declaration of 'scanf'
c:\users\christian\documents\ee312_cjh3752\trunk\assignment2\assignment2\assignment-2.c(43): warning C4996: 'scanf': This function or variable may be unsafe. Consider using scanf_s instead. To disable deprecation, use _CRT_SECURE_NO_WARNINGS. See online help for details.
  c:\program files (x86)\windows kits\10\include\10.0.10240.0\ucrt\stdio.h(1270): note: see declaration of 'scanf'
c:\users\christian\documents\ee312_cjh3752\trunk\assignment2\assignment2\assignment-2.c(61): warning C4305: 'initializing': truncation from 'double' to 'const float'
c:\users\christian\documents\ee312_cjh3752\trunk\assignment2\assignment2\assignment-2.c(64): warning C4996: 'scanf': This function or variable may be unsafe. Consider using scanf_s instead. To disable deprecation, use _CRT_SECURE_NO_WARNINGS. See online help for details.
  c:\program files (x86)\windows kits\10\include\10.0.10240.0\ucrt\stdio.h(1270): note: see declaration of 'scanf'
c:\users\christian\documents\ee312_cjh3752\trunk\assignment2\assignment2\assignment-2.c(75): warning C4305: 'initializing': truncation from 'double' to 'const float'
c:\users\christian\documents\ee312_cjh3752\trunk\assignment2\assignment2\assignment-2.c(78): warning C4996: 'scanf': This function or variable may be unsafe. Consider using scanf_s instead. To disable deprecation, use _CRT_SECURE_NO_WARNINGS. See online help for details.
  c:\program files (x86)\windows kits\10\include\10.0.10240.0\ucrt\stdio.h(1270): note: see declaration of 'scanf'
c:\users\christian\documents\ee312_cjh3752\trunk\assignment2\assignment2\assignment-2.c(94): warning C4305: 'initializing': truncation from 'double' to 'const float'
c:\users\christian\documents\ee312_cjh3752\trunk\assignment2\assignment2\assignment-2.c(97): warning C4996: 'scanf': This function or variable may be unsafe. Consider using scanf_s instead. To disable deprecation, use _CRT_SECURE_NO_WARNINGS. See online help for details.
  c:\program files (x86)\windows kits\10\include\10.0.10240.0\ucrt\stdio.h(1270): note: see declaration of 'scanf'
c:\users\christian\documents\ee312_cjh3752\trunk\assignment2\assignment2\assignment-2.c(107): warning C4305: 'initializing': truncation from 'double' to 'const float'
c:\users\christian\documents\ee312_cjh3752\trunk\assignment2\assignment2\assignment-2.c(111): warning C4996: 'scanf': This function or variable may be unsafe. Consider using scanf_s instead. To disable deprecation, use _CRT_SECURE_NO_WARNINGS. See online help for details.
  c:\program files (x86)\windows kits\10\include\10.0.10240.0\ucrt\stdio.h(1270): note: see declaration of 'scanf'
c:\users\christian\documents\ee312_cjh3752\trunk\assignment2\assignment2\assignment-2.c(121): warning C4305: 'initializing': truncation from 'double' to 'const float'
c:\users\christian\documents\ee312_cjh3752\trunk\assignment2\assignment2\assignment-2.c(125): warning C4996: 'scanf': This function or variable may be unsafe. Consider using scanf_s instead. To disable deprecation, use _CRT_SECURE_NO_WARNINGS. See online help for details.
  c:\program files (x86)\windows kits\10\include\10.0.10240.0\ucrt\stdio.h(1270): note: see declaration of 'scanf'
c:\users\christian\documents\ee312_cjh3752\trunk\assignment2\assignment2\assignment-2.c(140): warning C4305: 'initializing': truncation from 'double' to 'const float'
c:\users\christian\documents\ee312_cjh3752\trunk\assignment2\assignment2\assignment-2.c(143): warning C4996: 'scanf': This function or variable may be unsafe. Consider using scanf_s instead. To disable deprecation, use _CRT_SECURE_NO_WARNINGS. See online help for details.
  c:\program files (x86)\windows kits\10\include\10.0.10240.0\ucrt\stdio.h(1270): note: see declaration of 'scanf'
c:\users\christian\documents\ee312_cjh3752\trunk\assignment2\assignment2\assignment-2.c(155): warning C4305: 'initializing': truncation from 'double' to 'const float'
c:\users\christian\documents\ee312_cjh3752\trunk\assignment2\assignment2\assignment-2.c(158): warning C4996: 'scanf': This function or variable may be unsafe. Consider using scanf_s instead. To disable deprecation, use _CRT_SECURE_NO_WARNINGS. See online help for details.
  c:\program files (x86)\windows kits\10\include\10.0.10240.0\ucrt\stdio.h(1270): note: see declaration of 'scanf'
c:\users\christian\documents\ee312_cjh3752\trunk\assignment2\assignment2\assignment-2.c(169): warning C4305: 'initializing': truncation from 'double' to 'const float'
c:\users\christian\documents\ee312_cjh3752\trunk\assignment2\assignment2\assignment-2.c(172): warning C4996: 'scanf': This function or variable may be unsafe. Consider using scanf_s instead. To disable deprecation, use _CRT_SECURE_NO_WARNINGS. See online help for details.
  c:\program files (x86)\windows kits\10\include\10.0.10240.0\ucrt\stdio.h(1270): note: see declaration of 'scanf'
  assignment2.vcxproj -> C:\Users\Christian\Documents\ee312_cjh3752\trunk\assignment2\Debug\assignment2.exe
